[35m[Appium][39m Welcome to Appium v1.17.1
[35m[Appium][39m Non-default server args:
[35m[Appium][39m   port: 61515
[35m[Appium][39m   loglevel: info
[35m[Appium][39m   tmpDir: C:\Users\User\AppData\Local\Temp\\Katalon\Appium\Temp1593194264733
[35m[Appium][39m   chromedriverPort: 61516
[35m[Appium][39m Deprecated server args:
[35m[Appium][39m   [31m--chromedriver-port[39m => --default-capabilities '{"chromedriverPort":61516}'
[35m[Appium][39m Default capabilities, which will be added to each request unless overridden by desired capabilities:
[35m[Appium][39m   chromedriverPort: 61516
[35m[Appium][39m Appium REST http interface listener started on 0.0.0.0:61515
[35m[HTTP][39m [37m-->[39m [37mGET[39m [37m/wd/hub/status[39m
[35m[HTTP][39m [90m{}[39m
[35m[HTTP][39m [37m<-- GET /wd/hub/status [39m[32m200[39m [90m8 ms - 68[39m
[35m[HTTP][39m [90m[39m
[35m[HTTP][39m [37m-->[39m [37mGET[39m [37m/wd/hub/status[39m
[35m[HTTP][39m [90m{}[39m
[35m[HTTP][39m [37m<-- GET /wd/hub/status [39m[32m200[39m [90m1 ms - 68[39m
[35m[HTTP][39m [90m[39m
[35m[HTTP][39m [37m-->[39m [37mPOST[39m [37m/wd/hub/session[39m
[35m[HTTP][39m [90m{"desiredCapabilities":{"app":"C:\\Users\\User\\Katalon Studio\\app-pendaki.apk","noReset":true,"deviceName":"emulator-5554 (Android SDK built for x86 - Android 8.1.0)","fullReset":false,"platform":"ANDROID","newCommandTimeout":1800,"platformVersion":"8.1.0","automationName":"uiautomator2","autoGrantPermissions":true,"platformName":"Android","udid":"emulator-5554","systemPort":61533},"capabilities":{"firstMatch":[{"appium:app":"C:\\Users\\User\\Katalon Studio\\app-pendaki.apk","appium:autoGrantPermissions":true,"appium:automationName":"uiautomator2","appium:deviceName":"emulator-5554 (Android SDK built for x86 - Android 8.1.0)","appium:fullReset":false,"appium:newCommandTimeout":1800,"appium:noReset":true,"platform":"ANDROID","platformName":"android","appium:platformVersion":"8.1.0","appium:systemPort":61533,"appium:udid":"emulator-5554"}]}}[39m
[35m[BaseDriver][39m The following capabilities are not standard capabilities and should have an extension prefix:
[35m[BaseDriver][39m   platform
[35m[BaseDriver][39m   chromedriverPort
[35m[Appium][39m Appium v1.17.1 creating new AndroidUiautomator2Driver (v1.44.2) session
[35m[BaseDriver][39m The following capabilities were provided, but are not recognized by Appium:
[35m[BaseDriver][39m   platform
[35m[BaseDriver][39m Session created with session id: b0a52dad-a7c3-47ad-aae4-4b6d6ff2a0f9
[35m[BaseDriver][39m Using local app 'C:\Users\User\Katalon Studio\app-pendaki.apk'
[35m[ADB][39m Found 1 'build-tools' folders under 'C:\Users\User\.katalon\tools\android_sdk' (newest first):
[35m[ADB][39m     C:/Users/User/.katalon/tools/android_sdk/build-tools/29.0.3
[35m[ADB][39m Using 'adb.exe' from 'C:\Users\User\.katalon\tools\android_sdk\platform-tools\adb.exe'
[35m[AndroidDriver][39m Retrieving device list
[35m[AndroidDriver][39m Using device: emulator-5554
[35m[ADB][39m Using 'adb.exe' from 'C:\Users\User\.katalon\tools\android_sdk\platform-tools\adb.exe'
[35m[ADB][39m Package name: 'com.wahidari.pendaki'
[35m[ADB][39m Main activity name: 'com.wahidari.pendaki.MainActivity'
[35m[ADB][39m Cannot use apksigner tool for signature verification. Original error: Could not find 'apksigner.jar' in ["C:\\Users\\User\\.katalon\\tools\\android_sdk\\platform-tools\\apksigner.jar","C:\\Users\\User\\.katalon\\tools\\android_sdk\\emulator\\apksigner.jar","C:\\Users\\User\\.katalon\\tools\\android_sdk\\tools\\apksigner.jar","C:\\Users\\User\\.katalon\\tools\\android_sdk\\tools\\bin\\apksigner.jar","C:\\Users\\User\\.katalon\\tools\\android_sdk\\build-tools\\29.0.3\\apksigner.jar","C:\\Users\\User\\.katalon\\tools\\android_sdk\\build-tools\\29.0.3\\lib\\apksigner.jar"]. Do you have Android Build Tools installed at 'C:\Users\User\.katalon\tools\android_sdk'?
[35m[ADB][39m Cannot use apksigner tool for signature verification. Original error: Could not find 'apksigner.jar' in ["C:\\Users\\User\\.katalon\\tools\\android_sdk\\platform-tools\\apksigner.jar","C:\\Users\\User\\.katalon\\tools\\android_sdk\\emulator\\apksigner.jar","C:\\Users\\User\\.katalon\\tools\\android_sdk\\tools\\apksigner.jar","C:\\Users\\User\\.katalon\\tools\\android_sdk\\tools\\bin\\apksigner.jar","C:\\Users\\User\\.katalon\\tools\\android_sdk\\build-tools\\29.0.3\\apksigner.jar","C:\\Users\\User\\.katalon\\tools\\android_sdk\\build-tools\\29.0.3\\lib\\apksigner.jar"]. Do you have Android Build Tools installed at 'C:\Users\User\.katalon\tools\android_sdk'?
[35m[UiAutomator2][39m Server packages are not going to be (re)installed
[35m[ADB][39m Cannot use apksigner tool for signature verification. Original error: Could not find 'apksigner.jar' in ["C:\\Users\\User\\.katalon\\tools\\android_sdk\\platform-tools\\apksigner.jar","C:\\Users\\User\\.katalon\\tools\\android_sdk\\emulator\\apksigner.jar","C:\\Users\\User\\.katalon\\tools\\android_sdk\\tools\\apksigner.jar","C:\\Users\\User\\.katalon\\tools\\android_sdk\\tools\\bin\\apksigner.jar","C:\\Users\\User\\.katalon\\tools\\android_sdk\\build-tools\\29.0.3\\apksigner.jar","C:\\Users\\User\\.katalon\\tools\\android_sdk\\build-tools\\29.0.3\\lib\\apksigner.jar"]. Do you have Android Build Tools installed at 'C:\Users\User\.katalon\tools\android_sdk'?
[35m[ADB][39m The application at 'C:\Users\User\Katalon Studio\app-pendaki.apk' will not be cached, because the device under test has confirmed the support of streamed installs
[35m[ADB][39m The installation of 'app-pendaki.apk' took 5432ms
[35m[UiAutomator2][39m Starting UIAutomator2 server 4.5.5
[35m[UiAutomator2][39m Using UIAutomator2 server from 'C:\Users\User\AppData\Roaming\npm\node_modules\appium\node_modules\appium-uiautomator2-server\apks\appium-uiautomator2-server-v4.5.5.apk' and test from 'C:\Users\User\AppData\Roaming\npm\node_modules\appium\node_modules\appium-uiautomator2-server\apks\appium-uiautomator2-server-debug-androidTest.apk'
[35m[UiAutomator2][39m Waiting up to 30000ms for UiAutomator2 to be online...
[35m[WD Proxy][39m Got response with unknown status: {"code":"ECONNRESET"}
[35m[WD Proxy][39m Got response with unknown status: {"code":"ECONNRESET"}
[35m[WD Proxy][39m Got response with unknown status: {"code":"ECONNRESET"}
[35m[WD Proxy][39m Determined the downstream protocol as 'W3C'
[35m[AndroidDriver][39m Screen already unlocked, doing nothing
[35m[UiAutomator2][39m Starting 'com.wahidari.pendaki/com.wahidari.pendaki.MainActivity and waiting for 'com.wahidari.pendaki/com.wahidari.pendaki.MainActivity'
[35m[Appium][39m New AndroidUiautomator2Driver session created successfully, session b0a52dad-a7c3-47ad-aae4-4b6d6ff2a0f9 added to master session list
[35m[HTTP][39m [37m<-- POST /wd/hub/session [39m[32m200[39m [90m20417 ms - 1309[39m
[35m[HTTP][39m [90m[39m
[35m[HTTP][39m [37m-->[39m [37mGET[39m [37m/wd/hub/session/b0a52dad-a7c3-47ad-aae4-4b6d6ff2a0f9[39m
[35m[HTTP][39m [90m{}[39m
[35m[HTTP][39m [37m<-- GET /wd/hub/session/b0a52dad-a7c3-47ad-aae4-4b6d6ff2a0f9 [39m[32m200[39m [90m27 ms - 1241[39m
[35m[HTTP][39m [90m[39m
[35m[HTTP][39m [37m-->[39m [37mGET[39m [37m/wd/hub/session/b0a52dad-a7c3-47ad-aae4-4b6d6ff2a0f9[39m
[35m[HTTP][39m [90m{}[39m
[35m[HTTP][39m [37m<-- GET /wd/hub/session/b0a52dad-a7c3-47ad-aae4-4b6d6ff2a0f9 [39m[32m200[39m [90m29 ms - 1241[39m
[35m[HTTP][39m [90m[39m
[35m[HTTP][39m [37m-->[39m [37mGET[39m [37m/wd/hub/status[39m
[35m[HTTP][39m [90m{}[39m
[35m[HTTP][39m [37m<-- GET /wd/hub/status [39m[32m200[39m [90m2 ms - 68[39m
[35m[HTTP][39m [90m[39m
[35m[HTTP][39m [37m-->[39m [37mPOST[39m [37m/wd/hub/session/b0a52dad-a7c3-47ad-aae4-4b6d6ff2a0f9/timeouts[39m
[35m[HTTP][39m [90m{"implicit":60000}[39m
[35m[HTTP][39m [37m<-- POST /wd/hub/session/b0a52dad-a7c3-47ad-aae4-4b6d6ff2a0f9/timeouts [39m[32m200[39m [90m8 ms - 14[39m
[35m[HTTP][39m [90m[39m
[35m[HTTP][39m [37m-->[39m [37mGET[39m [37m/wd/hub/session/b0a52dad-a7c3-47ad-aae4-4b6d6ff2a0f9/source[39m
[35m[HTTP][39m [90m{}[39m
[35m[W3C (b0a52dad)][39m Driver proxy active, passing request on via HTTP proxy
[35m[WD Proxy][39m Replacing sessionId 7cb6488e-ed5f-438d-bb63-d74237bf5a6a with b0a52dad-a7c3-47ad-aae4-4b6d6ff2a0f9
[35m[HTTP][39m [37m<-- GET /wd/hub/session/b0a52dad-a7c3-47ad-aae4-4b6d6ff2a0f9/source [39m[32m200[39m [90m1284 ms - 31717[39m
[35m[HTTP][39m [90m[39m
[35m[HTTP][39m [37m-->[39m [37mGET[39m [37m/wd/hub/session/b0a52dad-a7c3-47ad-aae4-4b6d6ff2a0f9/screenshot[39m
[35m[HTTP][39m [90m{}[39m
[35m[HTTP][39m [37m<-- GET /wd/hub/session/b0a52dad-a7c3-47ad-aae4-4b6d6ff2a0f9/screenshot [39m[32m200[39m [90m2916 ms - 3676842[39m
[35m[HTTP][39m [90m[39m
[35m[HTTP][39m [37m-->[39m [37mDELETE[39m [37m/wd/hub/session/b0a52dad-a7c3-47ad-aae4-4b6d6ff2a0f9[39m
[35m[HTTP][39m [90m{}[39m
[35m[Appium][39m Removing session b0a52dad-a7c3-47ad-aae4-4b6d6ff2a0f9 from our master session list
